2025-07-17 20:14:41.358 [info] Extension host with pid 7757 started
2025-07-17 20:14:41.790 [info] ExtensionService#_doActivateExtension vscode.git-base, startup: true, activationEvent: '*', root cause: vscode.git
2025-07-17 20:14:41.845 [info] ExtensionService#_doActivateExtension vscode.git, startup: true, activationEvent: '*'
2025-07-17 20:14:41.974 [info] ExtensionService#_doActivateExtension vscode.github, startup: true, activationEvent: '*'
2025-07-17 20:14:42.254 [info] Eager extensions activated
2025-07-17 20:14:42.278 [info] ExtensionService#_doActivateExtension vscode.debug-auto-launch, startup: false, activationEvent: 'onStartupFinished'
2025-07-17 20:14:42.287 [info] ExtensionService#_doActivateExtension vscode.merge-conflict, startup: false, activationEvent: 'onStartupFinished'
2025-07-17 20:14:42.542 [info] ExtensionService#_doActivateExtension vscode.configuration-editing, startup: false, activationEvent: 'onLanguage:jsonc'
2025-07-17 20:14:42.558 [info] ExtensionService#_doActivateExtension vscode.json-language-features, startup: false, activationEvent: 'onLanguage:jsonc'
2025-07-17 20:14:42.685 [info] ExtensionService#_doActivateExtension vscode.typescript-language-features, startup: false, activationEvent: 'onLanguage:jsonc'
2025-07-17 20:14:42.818 [info] ExtensionService#_doActivateExtension vscode.emmet, startup: false, activationEvent: 'onLanguage'
2025-07-17 20:16:29.823 [info] ExtensionService#_doActivateExtension ms-python.python, startup: false, activationEvent: 'onWalkthrough:pythonWelcome'
2025-07-17 20:16:31.807 [error] Error: Extension 'ms-python.python' CANNOT use API proposal: testObserver.
Its package.json#enabledApiProposals-property declares:  but NOT testObserver.
 The missing proposal MUST be added and you must start in extension development mode or use the following command line switch: --enable-proposed-api ms-python.python
	at L (file:///usr/lib/code/out/vs/workbench/api/node/extensionHostProcess.js:113:29606)
	at get testResults (file:///usr/lib/code/out/vs/workbench/api/node/extensionHostProcess.js:171:99396)
	at C.activate (/home/shizai/.vscode-oss/extensions/ms-python.python-2025.4.0-universal/out/client/extension.js:2:908659)
	at /home/shizai/.vscode-oss/extensions/ms-python.python-2025.4.0-universal/out/client/extension.js:2:2457
	at Array.map (<anonymous>)
	at v.activateWorkspace (/home/shizai/.vscode-oss/extensions/ms-python.python-2025.4.0-universal/out/client/extension.js:2:2447)
2025-07-17 20:18:58.430 [info] ExtensionService#_doActivateExtension ms-dotnettools.vscode-dotnet-runtime, startup: false, activationEvent: 'onStartupFinished'
2025-07-17 20:19:47.589 [info] ExtensionService#_doActivateExtension dbaeumer.vscode-eslint, startup: false, activationEvent: 'onStartupFinished'
2025-07-17 20:19:47.703 [info] ExtensionService#_doActivateExtension Gruntfuggly.todo-tree, startup: false, activationEvent: 'onStartupFinished'
2025-07-17 20:19:47.785 [info] ExtensionService#_doActivateExtension aaron-bond.better-comments, startup: false, activationEvent: 'onStartupFinished'
2025-07-17 20:19:47.800 [info] ExtensionService#_doActivateExtension bierner.emojisense, startup: false, activationEvent: 'onStartupFinished'
2025-07-17 20:19:47.810 [info] ExtensionService#_doActivateExtension usernamehw.errorlens, startup: false, activationEvent: 'onStartupFinished'
2025-07-17 20:19:47.818 [info] ExtensionService#_doActivateExtension tombonnike.vscode-status-bar-format-toggle, startup: false, activationEvent: '*'
2025-07-17 20:19:47.822 [info] ExtensionService#_doActivateExtension christian-kohler.path-intellisense, startup: false, activationEvent: '*'
2025-07-17 20:19:47.832 [info] ExtensionService#_doActivateExtension alefragnani.Bookmarks, startup: false, activationEvent: 'onStartupFinished'
2025-07-17 20:19:47.851 [info] ExtensionService#_doActivateExtension oderwat.indent-rainbow, startup: false, activationEvent: '*'
2025-07-17 20:20:26.874 [info] ExtensionService#_doActivateExtension KnisterPeter.vscode-github, startup: false, activationEvent: '*'
2025-07-17 20:25:15.044 [info] Extension host terminating: renderer closed the MessagePort
2025-07-17 20:25:15.067 [error] An error occurred when disposing the subscriptions for extension 'Gruntfuggly.todo-tree':
2025-07-17 20:25:15.067 [error] AggregateError: Encountered errors while disposing of store
	at xr (file:///usr/lib/code/out/vs/workbench/api/node/extensionHostProcess.js:25:822)
	at file:///usr/lib/code/out/vs/workbench/api/node/extensionHostProcess.js:124:15046
	at file:///usr/lib/code/out/vs/workbench/api/node/extensionHostProcess.js:25:1056
	at Object.dispose (file:///usr/lib/code/out/vs/workbench/api/node/extensionHostProcess.js:8:705)
	at yY.eb (file:///usr/lib/code/out/vs/workbench/api/node/extensionHostProcess.js:124:11919)
	at file:///usr/lib/code/out/vs/workbench/api/node/extensionHostProcess.js:124:9874
	at Array.map (<anonymous>)
	at yY.$ (file:///usr/lib/code/out/vs/workbench/api/node/extensionHostProcess.js:124:9862)
	at yY.terminate (file:///usr/lib/code/out/vs/workbench/api/node/extensionHostProcess.js:124:10105)
	at zA.terminate (file:///usr/lib/code/out/vs/workbench/api/node/extensionHostProcess.js:126:914)
	at gs (file:///usr/lib/code/out/vs/workbench/api/node/extensionHostProcess.js:361:5228)
	at MessagePortMain.<anonymous> (file:///usr/lib/code/out/vs/workbench/api/node/extensionHostProcess.js:361:1775)
	at MessagePortMain.emit (node:events:518:28)
	at MessagePortMain._internalPort.emit (node:electron/js2c/utility_init:2:3073)
2025-07-17 20:25:15.095 [info] Extension host with pid 7757 exiting with code 0
