2025-07-17 20:25:24.301 [info] Extension host with pid 8382 started
2025-07-17 20:25:24.764 [info] ExtensionService#_doActivateExtension ms-python.python, startup: false, activationEvent: 'onWalkthrough:pythonWelcome'
2025-07-17 20:25:25.662 [info] ExtensionService#_doActivateExtension vscode.configuration-editing, startup: false, activationEvent: 'onLanguage:jsonc'
2025-07-17 20:25:25.702 [info] ExtensionService#_doActivateExtension vscode.json-language-features, startup: false, activationEvent: 'onLanguage:jsonc'
2025-07-17 20:25:25.912 [info] ExtensionService#_doActivateExtension vscode.typescript-language-features, startup: false, activationEvent: 'onLanguage:jsonc'
2025-07-17 20:25:26.083 [info] ExtensionService#_doActivateExtension vscode.emmet, startup: false, activationEvent: 'onLanguage'
2025-07-17 20:25:26.165 [info] ExtensionService#_doActivateExtension vscode.git-base, startup: true, activationEvent: '*', root cause: vscode.git
2025-07-17 20:25:26.173 [info] ExtensionService#_doActivateExtension christian-kohler.path-intellisense, startup: true, activationEvent: '*'
2025-07-17 20:25:26.201 [info] ExtensionService#_doActivateExtension KnisterPeter.vscode-github, startup: true, activationEvent: '*'
2025-07-17 20:25:26.450 [info] ExtensionService#_doActivateExtension oderwat.indent-rainbow, startup: true, activationEvent: '*'
2025-07-17 20:25:26.454 [info] ExtensionService#_doActivateExtension tombonnike.vscode-status-bar-format-toggle, startup: true, activationEvent: '*'
2025-07-17 20:25:26.770 [info] ExtensionService#_doActivateExtension vscode.git, startup: true, activationEvent: '*'
2025-07-17 20:25:26.909 [info] ExtensionService#_doActivateExtension vscode.github, startup: true, activationEvent: '*'
2025-07-17 20:25:27.158 [info] Eager extensions activated
2025-07-17 20:25:27.335 [info] ExtensionService#_doActivateExtension vscode.debug-auto-launch, startup: false, activationEvent: 'onStartupFinished'
2025-07-17 20:25:27.342 [info] ExtensionService#_doActivateExtension vscode.merge-conflict, startup: false, activationEvent: 'onStartupFinished'
2025-07-17 20:25:27.394 [info] ExtensionService#_doActivateExtension aaron-bond.better-comments, startup: false, activationEvent: 'onStartupFinished'
2025-07-17 20:25:27.403 [info] ExtensionService#_doActivateExtension alefragnani.Bookmarks, startup: false, activationEvent: 'onStartupFinished'
2025-07-17 20:25:27.433 [info] ExtensionService#_doActivateExtension bierner.emojisense, startup: false, activationEvent: 'onStartupFinished'
2025-07-17 20:25:27.453 [info] ExtensionService#_doActivateExtension dbaeumer.vscode-eslint, startup: false, activationEvent: 'onStartupFinished'
2025-07-17 20:25:27.547 [info] ExtensionService#_doActivateExtension Gruntfuggly.todo-tree, startup: false, activationEvent: 'onStartupFinished'
2025-07-17 20:25:27.629 [info] ExtensionService#_doActivateExtension ms-dotnettools.vscode-dotnet-runtime, startup: false, activationEvent: 'onStartupFinished'
2025-07-17 20:25:27.836 [info] ExtensionService#_doActivateExtension usernamehw.errorlens, startup: false, activationEvent: 'onStartupFinished'
2025-07-17 20:25:28.201 [error] Error: Extension 'ms-python.python' CANNOT use API proposal: testObserver.
Its package.json#enabledApiProposals-property declares:  but NOT testObserver.
 The missing proposal MUST be added and you must start in extension development mode or use the following command line switch: --enable-proposed-api ms-python.python
	at L (file:///usr/lib/code/out/vs/workbench/api/node/extensionHostProcess.js:113:29606)
	at get testResults (file:///usr/lib/code/out/vs/workbench/api/node/extensionHostProcess.js:171:99396)
	at C.activate (/home/shizai/.vscode-oss/extensions/ms-python.python-2025.4.0-universal/out/client/extension.js:2:908659)
	at /home/shizai/.vscode-oss/extensions/ms-python.python-2025.4.0-universal/out/client/extension.js:2:2457
	at Array.map (<anonymous>)
	at v.activateWorkspace (/home/shizai/.vscode-oss/extensions/ms-python.python-2025.4.0-universal/out/client/extension.js:2:2447)
2025-07-17 20:30:07.753 [info] Extension host terminating: renderer closed the MessagePort
2025-07-17 20:30:07.783 [error] An error occurred when disposing the subscriptions for extension 'Gruntfuggly.todo-tree':
2025-07-17 20:30:07.784 [error] AggregateError: Encountered errors while disposing of store
	at xr (file:///usr/lib/code/out/vs/workbench/api/node/extensionHostProcess.js:25:822)
	at file:///usr/lib/code/out/vs/workbench/api/node/extensionHostProcess.js:124:15046
	at file:///usr/lib/code/out/vs/workbench/api/node/extensionHostProcess.js:25:1056
	at Object.dispose (file:///usr/lib/code/out/vs/workbench/api/node/extensionHostProcess.js:8:705)
	at yY.eb (file:///usr/lib/code/out/vs/workbench/api/node/extensionHostProcess.js:124:11919)
	at file:///usr/lib/code/out/vs/workbench/api/node/extensionHostProcess.js:124:9874
	at Array.map (<anonymous>)
	at yY.$ (file:///usr/lib/code/out/vs/workbench/api/node/extensionHostProcess.js:124:9862)
	at yY.terminate (file:///usr/lib/code/out/vs/workbench/api/node/extensionHostProcess.js:124:10105)
	at zA.terminate (file:///usr/lib/code/out/vs/workbench/api/node/extensionHostProcess.js:126:914)
	at gs (file:///usr/lib/code/out/vs/workbench/api/node/extensionHostProcess.js:361:5228)
	at MessagePortMain.<anonymous> (file:///usr/lib/code/out/vs/workbench/api/node/extensionHostProcess.js:361:1775)
	at MessagePortMain.emit (node:events:518:28)
	at MessagePortMain._internalPort.emit (node:electron/js2c/utility_init:2:3073)
2025-07-17 20:30:07.824 [info] Extension host with pid 8382 exiting with code 0
